<?xml version="1.0" encoding="UTF-8"?>
<testsuite xmlns:xsi="http://www.w3.org/2001/XMLSchema-instance" xsi:noNamespaceSchemaLocation="https://maven.apache.org/surefire/maven-surefire-plugin/xsd/surefire-test-report.xsd" name="com.app.MessageServiceTests" time="0.827" tests="4" errors="0" skipped="0" failures="0">
  <properties>
[...]
</properties>
  <testcase name="testSendMessageToNonExistentUser" classname="com.app.MessageServiceTests" time="0.808"/>
  <testcase name="testGetMessageHistory" classname="com.app.MessageServiceTests" time="0.004"/>
  <testcase name="testSendMessageTest" classname="com.app.MessageServiceTests" time="0.003"/>
  <testcase name="testSendMessageFromBlockedUser" classname="com.app.MessageServiceTests" time="0.001"/>
</testsuite>